  Renderer.cpp
  Physics.cpp
c:\users\kate\desktop\c++\physx\physicsforgamesvs2015_start\physicsforgames\physics.cpp(31): warning C4305: 'argument': truncation from 'double' to 'physx::PxReal'
c:\users\kate\desktop\c++\physx\physicsforgamesvs2015_start\physicsforgames\physics.cpp(32): warning C4305: 'argument': truncation from 'double' to 'physx::PxReal'
c:\users\kate\desktop\c++\physx\physicsforgamesvs2015_start\physicsforgames\physics.cpp(33): warning C4305: 'argument': truncation from 'double' to 'physx::PxReal'
c:\users\kate\desktop\c++\physx\physicsforgamesvs2015_start\physicsforgames\physics.cpp(34): warning C4305: 'argument': truncation from 'double' to 'physx::PxReal'
c:\users\kate\desktop\c++\physx\physicsforgamesvs2015_start\physicsforgames\physics.cpp(365): warning C4305: 'argument': truncation from 'double' to 'physx::PxReal'
c:\users\kate\desktop\c++\physx\physicsforgamesvs2015_start\physicsforgames\physics.cpp(366): warning C4305: 'argument': truncation from 'double' to 'physx::PxReal'
c:\users\kate\desktop\c++\physx\physicsforgamesvs2015_start\physicsforgames\physics.cpp(367): warning C4305: 'argument': truncation from 'double' to 'physx::PxReal'
c:\users\kate\desktop\c++\physx\physicsforgamesvs2015_start\physicsforgames\physics.cpp(368): warning C4305: 'argument': truncation from 'double' to 'physx::PxReal'
c:\users\kate\desktop\c++\physx\physicsforgamesvs2015_start\physicsforgames\physics.cpp(378): warning C4305: 'argument': truncation from 'double' to 'float'
  ParticleFluidEmitter.cpp
  ParticleEmitter.cpp
  main.cpp
  Gizmos.cpp
  Camera.cpp
  Application.cpp
c:\users\kate\desktop\c++\physx\physicsforgamesvs2015_start\physicsforgames\application.cpp(119): warning C4996: '_snprintf': This function or variable may be unsafe. Consider using _snprintf_s instead. To disable deprecation, use _CRT_SECURE_NO_WARNINGS. See online help for details.
  c:\program files (x86)\windows kits\10\include\10.0.16299.0\ucrt\stdio.h(1959): note: see declaration of '_snprintf'
c:\users\kate\desktop\c++\physx\physicsforgamesvs2015_start\physicsforgames\application.cpp(131): warning C4996: '_snprintf': This function or variable may be unsafe. Consider using _snprintf_s instead. To disable deprecation, use _CRT_SECURE_NO_WARNINGS. See online help for details.
  c:\program files (x86)\windows kits\10\include\10.0.16299.0\ucrt\stdio.h(1959): note: see declaration of '_snprintf'
c:\users\kate\desktop\c++\physx\physicsforgamesvs2015_start\physicsforgames\application.cpp(133): warning C4996: '_snprintf': This function or variable may be unsafe. Consider using _snprintf_s instead. To disable deprecation, use _CRT_SECURE_NO_WARNINGS. See online help for details.
  c:\program files (x86)\windows kits\10\include\10.0.16299.0\ucrt\stdio.h(1959): note: see declaration of '_snprintf'
  Generating Code...
  gl_core_4_4.c
LINK : warning LNK4098: defaultlib 'MSVCRT' conflicts with use of other libs; use /NODEFAULTLIB:library
PhysX3ExtensionsDEBUG.lib(ExtCpuWorkerThread.obj) : warning LNK4099: PDB 'PhysX3ExtensionsDEBUG.pdb' was not found with 'PhysX3ExtensionsDEBUG.lib(ExtCpuWorkerThread.obj)' or at 'C:\Users\Kate\Desktop\c++\PhysX\PhysicsForGamesvs2015_Start\Debug\PhysX3ExtensionsDEBUG.pdb'; linking object as if no debug info
PhysX3ExtensionsDEBUG.lib(ExtD6Joint.obj) : warning LNK4099: PDB 'PhysX3ExtensionsDEBUG.pdb' was not found with 'PhysX3ExtensionsDEBUG.lib(ExtD6Joint.obj)' or at 'C:\Users\Kate\Desktop\c++\PhysX\PhysicsForGamesvs2015_Start\Debug\PhysX3ExtensionsDEBUG.pdb'; linking object as if no debug info
PhysX3ExtensionsDEBUG.lib(ExtD6JointSolverPrep.obj) : warning LNK4099: PDB 'PhysX3ExtensionsDEBUG.pdb' was not found with 'PhysX3ExtensionsDEBUG.lib(ExtD6JointSolverPrep.obj)' or at 'C:\Users\Kate\Desktop\c++\PhysX\PhysicsForGamesvs2015_Start\Debug\PhysX3ExtensionsDEBUG.pdb'; linking object as if no debug info
PhysX3ExtensionsDEBUG.lib(ExtDefaultCpuDispatcher.obj) : warning LNK4099: PDB 'PhysX3ExtensionsDEBUG.pdb' was not found with 'PhysX3ExtensionsDEBUG.lib(ExtDefaultCpuDispatcher.obj)' or at 'C:\Users\Kate\Desktop\c++\PhysX\PhysicsForGamesvs2015_Start\Debug\PhysX3ExtensionsDEBUG.pdb'; linking object as if no debug info
PhysX3ExtensionsDEBUG.lib(ExtDefaultErrorCallback.obj) : warning LNK4099: PDB 'PhysX3ExtensionsDEBUG.pdb' was not found with 'PhysX3ExtensionsDEBUG.lib(ExtDefaultErrorCallback.obj)' or at 'C:\Users\Kate\Desktop\c++\PhysX\PhysicsForGamesvs2015_Start\Debug\PhysX3ExtensionsDEBUG.pdb'; linking object as if no debug info
PhysX3ExtensionsDEBUG.lib(ExtDefaultSimulationFilterShader.obj) : warning LNK4099: PDB 'PhysX3ExtensionsDEBUG.pdb' was not found with 'PhysX3ExtensionsDEBUG.lib(ExtDefaultSimulationFilterShader.obj)' or at 'C:\Users\Kate\Desktop\c++\PhysX\PhysicsForGamesvs2015_Start\Debug\PhysX3ExtensionsDEBUG.pdb'; linking object as if no debug info
PhysX3ExtensionsDEBUG.lib(ExtDistanceJoint.obj) : warning LNK4099: PDB 'PhysX3ExtensionsDEBUG.pdb' was not found with 'PhysX3ExtensionsDEBUG.lib(ExtDistanceJoint.obj)' or at 'C:\Users\Kate\Desktop\c++\PhysX\PhysicsForGamesvs2015_Start\Debug\PhysX3ExtensionsDEBUG.pdb'; linking object as if no debug info
PhysX3ExtensionsDEBUG.lib(ExtDistanceJointSolverPrep.obj) : warning LNK4099: PDB 'PhysX3ExtensionsDEBUG.pdb' was not found with 'PhysX3ExtensionsDEBUG.lib(ExtDistanceJointSolverPrep.obj)' or at 'C:\Users\Kate\Desktop\c++\PhysX\PhysicsForGamesvs2015_Start\Debug\PhysX3ExtensionsDEBUG.pdb'; linking object as if no debug info
PhysX3ExtensionsDEBUG.lib(ExtExtensions.obj) : warning LNK4099: PDB 'PhysX3ExtensionsDEBUG.pdb' was not found with 'PhysX3ExtensionsDEBUG.lib(ExtExtensions.obj)' or at 'C:\Users\Kate\Desktop\c++\PhysX\PhysicsForGamesvs2015_Start\Debug\PhysX3ExtensionsDEBUG.pdb'; linking object as if no debug info
PhysX3ExtensionsDEBUG.lib(ExtFixedJoint.obj) : warning LNK4099: PDB 'PhysX3ExtensionsDEBUG.pdb' was not found with 'PhysX3ExtensionsDEBUG.lib(ExtFixedJoint.obj)' or at 'C:\Users\Kate\Desktop\c++\PhysX\PhysicsForGamesvs2015_Start\Debug\PhysX3ExtensionsDEBUG.pdb'; linking object as if no debug info
PhysX3ExtensionsDEBUG.lib(ExtFixedJointSolverPrep.obj) : warning LNK4099: PDB 'PhysX3ExtensionsDEBUG.pdb' was not found with 'PhysX3ExtensionsDEBUG.lib(ExtFixedJointSolverPrep.obj)' or at 'C:\Users\Kate\Desktop\c++\PhysX\PhysicsForGamesvs2015_Start\Debug\PhysX3ExtensionsDEBUG.pdb'; linking object as if no debug info
PhysX3ExtensionsDEBUG.lib(ExtJoint.obj) : warning LNK4099: PDB 'PhysX3ExtensionsDEBUG.pdb' was not found with 'PhysX3ExtensionsDEBUG.lib(ExtJoint.obj)' or at 'C:\Users\Kate\Desktop\c++\PhysX\PhysicsForGamesvs2015_Start\Debug\PhysX3ExtensionsDEBUG.pdb'; linking object as if no debug info
PhysX3ExtensionsDEBUG.lib(ExtPrismaticJoint.obj) : warning LNK4099: PDB 'PhysX3ExtensionsDEBUG.pdb' was not found with 'PhysX3ExtensionsDEBUG.lib(ExtPrismaticJoint.obj)' or at 'C:\Users\Kate\Desktop\c++\PhysX\PhysicsForGamesvs2015_Start\Debug\PhysX3ExtensionsDEBUG.pdb'; linking object as if no debug info
PhysX3ExtensionsDEBUG.lib(ExtPrismaticJointSolverPrep.obj) : warning LNK4099: PDB 'PhysX3ExtensionsDEBUG.pdb' was not found with 'PhysX3ExtensionsDEBUG.lib(ExtPrismaticJointSolverPrep.obj)' or at 'C:\Users\Kate\Desktop\c++\PhysX\PhysicsForGamesvs2015_Start\Debug\PhysX3ExtensionsDEBUG.pdb'; linking object as if no debug info
PhysX3ExtensionsDEBUG.lib(ExtRevoluteJoint.obj) : warning LNK4099: PDB 'PhysX3ExtensionsDEBUG.pdb' was not found with 'PhysX3ExtensionsDEBUG.lib(ExtRevoluteJoint.obj)' or at 'C:\Users\Kate\Desktop\c++\PhysX\PhysicsForGamesvs2015_Start\Debug\PhysX3ExtensionsDEBUG.pdb'; linking object as if no debug info
PhysX3ExtensionsDEBUG.lib(ExtRevoluteJointSolverPrep.obj) : warning LNK4099: PDB 'PhysX3ExtensionsDEBUG.pdb' was not found with 'PhysX3ExtensionsDEBUG.lib(ExtRevoluteJointSolverPrep.obj)' or at 'C:\Users\Kate\Desktop\c++\PhysX\PhysicsForGamesvs2015_Start\Debug\PhysX3ExtensionsDEBUG.pdb'; linking object as if no debug info
PhysX3ExtensionsDEBUG.lib(ExtRigidBodyExt.obj) : warning LNK4099: PDB 'PhysX3ExtensionsDEBUG.pdb' was not found with 'PhysX3ExtensionsDEBUG.lib(ExtRigidBodyExt.obj)' or at 'C:\Users\Kate\Desktop\c++\PhysX\PhysicsForGamesvs2015_Start\Debug\PhysX3ExtensionsDEBUG.pdb'; linking object as if no debug info
PhysX3ExtensionsDEBUG.lib(ExtSimpleFactory.obj) : warning LNK4099: PDB 'PhysX3ExtensionsDEBUG.pdb' was not found with 'PhysX3ExtensionsDEBUG.lib(ExtSimpleFactory.obj)' or at 'C:\Users\Kate\Desktop\c++\PhysX\PhysicsForGamesvs2015_Start\Debug\PhysX3ExtensionsDEBUG.pdb'; linking object as if no debug info
PhysX3ExtensionsDEBUG.lib(ExtSphericalJoint.obj) : warning LNK4099: PDB 'PhysX3ExtensionsDEBUG.pdb' was not found with 'PhysX3ExtensionsDEBUG.lib(ExtSphericalJoint.obj)' or at 'C:\Users\Kate\Desktop\c++\PhysX\PhysicsForGamesvs2015_Start\Debug\PhysX3ExtensionsDEBUG.pdb'; linking object as if no debug info
PhysX3ExtensionsDEBUG.lib(ExtSphericalJointSolverPrep.obj) : warning LNK4099: PDB 'PhysX3ExtensionsDEBUG.pdb' was not found with 'PhysX3ExtensionsDEBUG.lib(ExtSphericalJointSolverPrep.obj)' or at 'C:\Users\Kate\Desktop\c++\PhysX\PhysicsForGamesvs2015_Start\Debug\PhysX3ExtensionsDEBUG.pdb'; linking object as if no debug info
PhysX3ExtensionsDEBUG.lib(ExtVisualDebugger.obj) : warning LNK4099: PDB 'PhysX3ExtensionsDEBUG.pdb' was not found with 'PhysX3ExtensionsDEBUG.lib(ExtVisualDebugger.obj)' or at 'C:\Users\Kate\Desktop\c++\PhysX\PhysicsForGamesvs2015_Start\Debug\PhysX3ExtensionsDEBUG.pdb'; linking object as if no debug info
PhysX3ExtensionsDEBUG.lib(SnJointRepXSerializer.obj) : warning LNK4099: PDB 'PhysX3ExtensionsDEBUG.pdb' was not found with 'PhysX3ExtensionsDEBUG.lib(SnJointRepXSerializer.obj)' or at 'C:\Users\Kate\Desktop\c++\PhysX\PhysicsForGamesvs2015_Start\Debug\PhysX3ExtensionsDEBUG.pdb'; linking object as if no debug info
PhysX3ExtensionsDEBUG.lib(SnRepXCoreSerializer.obj) : warning LNK4099: PDB 'PhysX3ExtensionsDEBUG.pdb' was not found with 'PhysX3ExtensionsDEBUG.lib(SnRepXCoreSerializer.obj)' or at 'C:\Users\Kate\Desktop\c++\PhysX\PhysicsForGamesvs2015_Start\Debug\PhysX3ExtensionsDEBUG.pdb'; linking object as if no debug info
PhysX3ExtensionsDEBUG.lib(PxExtensionAutoGeneratedMetaDataObjects.obj) : warning LNK4099: PDB 'PhysX3ExtensionsDEBUG.pdb' was not found with 'PhysX3ExtensionsDEBUG.lib(PxExtensionAutoGeneratedMetaDataObjects.obj)' or at 'C:\Users\Kate\Desktop\c++\PhysX\PhysicsForGamesvs2015_Start\Debug\PhysX3ExtensionsDEBUG.pdb'; linking object as if no debug info
  PhysicsForGames.vcxproj -> C:\Users\Kate\Desktop\c++\PhysX\PhysicsForGamesvs2015_Start\Debug\PhysicsForGames.exe
